instagram reels/app/build/outputs/mapping/release/seeds.txt
com.reels.video.download.instagram.video.downloader.saver.story.video.Fcm.MyFirebaseMessagingService
com.reels.video.download.instagram.video.downloader.saver.story.video.Fcm.MyFirebaseMessagingService: MyFirebaseMessagingService()
com.reels.video.download.instagram.video.downloader.saver.story.video.View.MyVideoListActivity
com.reels.video.download.instagram.video.downloader.saver.story.video.View.OutputActivity: OutputActivity()
com.reels.video.download.instagram.video.downloader.saver.story.video.View.MainActivity: MainActivity()
com.reels.video.download.instagram.video.downloader.saver.story.video.View.MyVideoListActivity: MyVideoListActivity()
com.reels.video.download.instagram.video.downloader.saver.story.video.View.OutputActivity
com.reels.video.download.instagram.video.downloader.saver.story.video.View.MainActivity
...
com.google.android.ads.nativetemplates.R$styleable: int ConstraintSet_android_maxWidth
androidx.appcompat.R$id: int unchecked
com.google.android.gms.internal.ads.zzcf$zze
androidx.appcompat.widget.ContentFrameLayout: android.util.TypedValue getFixedHeightMinor()
com.google.android.gms.internal.measurement.zzcd$zzg: int zzao
com.google.android.gms.internal.ads.zzby$zzb
androidx.appcompat.R$id: int topPanel
com.google.android.gms.ads.mediation.customevent.CustomEventInterstitial: void onDestroy()
androidx.appcompat.app.AppCompatViewInflater: java.lang.Object[] mConstructorArgs
androidx.appcompat.widget.ActionMenuView: void setPresenter(androidx.appcompat.widget.ActionMenuPresenter)
com.google.android.material.R$styleable: int AppBarLayout_expanded
androidx.appcompat.R$styleable: int Toolbar_android_gravity
androidx.appcompat.widget.LinearLayoutCompat: void setMeasureWithLargestChildEnabled(boolean)
androidx.appcompat.widget.AppCompatCheckBox: void setSupportButtonTintMode(android.graphics.PorterDuff$Mode)
androidx.appcompat.R$dimen: int abc_edit_text_inset_horizontal_material
androidx.appcompat.R$id: int accessibility_custom_action_6
com.google.android.material.R$attr: int expandActivityOverflowButtonDrawable
androidx.constraintlayout.widget.R$styleable: int ConstraintSet_layout_constraintRight_creator
androidx.core.R$styleable: int GradientColor_android_endColor
androidx.vectordrawable.graphics.drawable.VectorDrawableCompat$VFullPath: int getStrokeColor()
com.google.android.gms.internal.measurement.zzbv$zzc: com.google.android.gms.internal.measurement.zzbv$zzf zzd
androidx.appcompat.R$styleable: int SearchView_queryHint
com.google.android.gms.ads.AdView: void setAdListener(com.google.android.gms.ads.AdListener)
com.google.android.material.R$style: int Platform_V25_AppCompat_Light
com.google.android.ads.nativetemplates.R$layout: int abc_cascading_menu_item_layout
com.google.android.gms.base.R$string: int common_signin_button_text_long
com.google.android.gms.internal.ads.zzeoe$zzb: java.lang.String zzivl
androidx.core.R$id: int tag_accessibility_clickable_spans
com.google.android.gms.internal.measurement.zzca$zzb: com.google.android.gms.internal.measurement.zzig zzl
androidx.appcompat.R$dimen: int compat_notification_large_icon_max_height
androidx.cardview.widget.CardView: void setPreventCornerOverlap(boolean)
com.google.android.material.R$styleable: int SwitchCompat_switchTextAppearance
androidx.appcompat.R$color: int abc_hint_foreground_material_dark
androidx.appcompat.view.menu.ExpandedMenuView: ExpandedMenuView(android.content.Context,android.util.AttributeSet)
com.google.android.ads.nativetemplates.R$styleable: int[] ConstraintLayout_Layout
com.google.android.material.R$attr: int useCompatPadding
androidx.constraintlayout.widget.R$styleable: int ConstraintLayout_Layout_layout_constraintBottom_creator
androidx.appcompat.R$color: int switch_thumb_disabled_material_dark
com.google.android.gms.internal.ads.zzedz: int zzibd
com.google.ads.mediation.AbstractAdViewAdapter: android.os.Bundle getInterstitialAdapterInfo()
androidx.appcompat.R$color: int dim_foreground_disabled_material_dark
androidx.appcompat.R$attr: int seekBarStyle
com.google.android.material.R$attr: int barLength
androidx.appcompat.app.AppCompatViewInflater: androidx.appcompat.widget.AppCompatEditText createEditText(android.content.Context,android.util.AttributeSet)
com.google.android.material.R$styleable: int AppCompatTheme_actionMenuTextAppearance
com.google.android.material.R$attr: int textStartPadding
com.google.android.gms.internal.measurement.zzbv$zzb: boolean zzk
com.google.android.material.R$id: int design_menu_item_action_area_stub
androidx.appcompat.R$drawable: int btn_radio_on_to_off_mtrl_animation
com.google.android.material.R$styleable: int AppCompatTextView_drawableTintMode
com.google.android.gms.internal.measurement.zzhs: com.google.android.gms.internal.measurement.zzhs[] values()