instagram reels/app/build/outputs/mapping/release/usage.txt
com.reels.video.download.instagram.video.downloader.saver.story.video.Utils.InternetConnection:
    public void <init>()
com.reels.video.download.instagram.video.downloader.saver.story.video.R$style
com.reels.video.download.instagram.video.downloader.saver.story.video.R
com.reels.video.download.instagram.video.downloader.saver.story.video.R$color
com.reels.video.download.instagram.video.downloader.saver.story.video.R$interpolator
com.reels.video.download.instagram.video.downloader.saver.story.video.R$string
com.reels.video.download.instagram.video.downloader.saver.story.video.R$attr
com.reels.video.download.instagram.video.downloader.saver.story.video.R$styleable
com.reels.video.download.instagram.video.downloader.saver.story.video.R$drawable
com.reels.video.download.instagram.video.downloader.saver.story.video.R$animator
com.reels.video.download.instagram.video.downloader.saver.story.video.R$dimen
com.reels.video.download.instagram.video.downloader.saver.story.video.R$bool
com.reels.video.download.instagram.video.downloader.saver.story.video.Utils.Helper:
    public void <init>()
com.reels.video.download.instagram.video.downloader.saver.story.video.R$layout
com.reels.video.download.instagram.video.downloader.saver.story.video.Fcm.MyFirebaseMessagingService:
    public static final java.lang.String MY_PREFS_NAME
com.reels.video.download.instagram.video.downloader.saver.story.video.ViewModel.Adapter_List_Video$ViewHolder:
    public android.widget.RelativeLayout rl_select
com.reels.video.download.instagram.video.downloader.saver.story.video.R$id
com.reels.video.download.instagram.video.downloader.saver.story.video.BuildConfig
com.reels.video.download.instagram.video.downloader.saver.story.video.View.MainActivity:
    com.google.android.gms.ads.InterstitialAd mInterstitialAd
    private static final int MY_REQUEST_CODE
    private static final int REQUEST_PERMISSIONS
    public static final java.lang.String MY_PREFS_NAME
com.reels.video.download.instagram.video.downloader.saver.story.video.R$mipmap
com.reels.video.download.instagram.video.downloader.saver.story.video.R$anim
com.reels.video.download.instagram.video.downloader.saver.story.video.View.OutputActivity:
    android.widget.TextView outputtxt
com.reels.video.download.instagram.video.downloader.saver.story.video.R$menu
com.reels.video.download.instagram.video.downloader.saver.story.video.View.MyVideoListActivity:
    private void fn_checkpermission()
    private android.view.ActionMode mActionMode
    private static android.app.Activity videoactivity
    static java.lang.String result
    private static final int MY_REQUEST_CODE
    private static final int REQUEST_PERMISSIONS
com.reels.video.download.instagram.video.downloader.saver.story.video.Utils.FileUtil
com.reels.video.download.instagram.video.downloader.saver.story.video.R$integer
com.reels.video.download.instagram.video.downloader.saver.story.video.View.MyVideoListActivity$4:
    public void onSuccess(com.google.android.play.core.appupdate.AppUpdateInfo)
com.reels.video.download.instagram.video.downloader.saver.story.video.View.MainActivity$12$1:
    public android.graphics.drawable.ColorDrawable background
    public final synthetic com.reels.video.download.instagram.video.downloader.saver.story.video.View.MainActivity$12 this$1
com.reels.video.download.instagram.video.downloader.saver.story.video.Utils.InternetConnection
com.reels.video.download.instagram.video.downloader.saver.story.video.Model.Model_Video:
    public boolean getSelected()
    public void setSelected(boolean)
    public java.lang.String getDuration()
    public void setDuration(java.lang.String)
    public java.lang.String getSize()
    public void setSize(java.lang.String)
    public java.lang.String getStr_path()
    public void setStr_path(java.lang.String)
    public java.lang.String getStr_thumb()
    public void setStr_thumb(java.lang.String)
...
okhttp3.MediaType:
    public java.lang.String subtype()
    private static final java.lang.String TOKEN
    private static final java.lang.String QUOTED
com.google.android.gms.tasks.R
com.google.firebase.crashlytics.internal.analytics.BreadcrumbAnalyticsEventReceiver:
    private static final java.lang.String BREADCRUMB_NAME_KEY
    private static final java.lang.String BREADCRUMB_PARAMS_KEY
    private static final java.lang.String BREADCRUMB_PREFIX
androidx.work.impl.model.WorkSpec$WorkInfoPojo
androidx.transition.AnimatorUtils:
    private void <init>()
com.google.android.gms.measurement.internal.zzig:
    public static java.lang.Object zza(java.lang.Object)
com.google.android.datatransport.runtime.scheduling.persistence.EventStoreModule_SchemaVersionFactory$InstanceHolder:
    private void <init>()
androidx.customview.R$id
com.google.android.gms.internal.ads.zzhc:
    public int zzeg()
com.google.android.gms.ads.instream.InstreamAd$InstreamAdLoadCallback
androidx.core.view.ViewCompat$FocusRelativeDirection
com.google.android.gms.common.util.Strings:
    private void <init>()
    public static java.lang.String emptyToNull(java.lang.String)
com.google.android.play.core.splitcompat.SplitCompatApplication
com.google.android.datatransport.runtime.dagger.internal.ProviderOfLazy
com.google.android.gms.common.api.Status:
    public void <init>(int,java.lang.String,android.app.PendingIntent)
    public final void startResolutionForResult(android.app.Activity,int)
    public final boolean hasResolution()
    public final boolean isCanceled()
    public final boolean isInterrupted()
    public final android.app.PendingIntent getResolution()
com.google.android.gms.internal.common.zzd:
    public static void zzb(android.os.Parcel,android.os.Parcelable)
com.google.android.material.appbar.AppBarLayout:
    public void <init>(android.content.Context)
    public void <init>(android.content.Context,android.util.AttributeSet)
    public void addOnOffsetChangedListener(com.google.android.material.appbar.AppBarLayout$BaseOnOffsetChangedListener)
    public void addOnOffsetChangedListener(com.google.android.material.appbar.AppBarLayout$OnOffsetChangedListener)
    public void removeOnOffsetChangedListener(com.google.android.material.appbar.AppBarLayout$BaseOnOffsetChangedListener)
    public void removeOnOffsetChangedListener(com.google.android.material.appbar.AppBarLayout$OnOffsetChangedListener)
    public boolean setLiftable(boolean)
    public boolean setLifted(boolean)
    androidx.core.view.WindowInsetsCompat onWindowInsetChanged(androidx.core.view.WindowInsetsCompat)
    static final int PENDING_ACTION_NONE
    static final int PENDING_ACTION_EXPANDED
    static final int PENDING_ACTION_COLLAPSED
    static final int PENDING_ACTION_ANIMATE_ENABLED
    static final int PENDING_ACTION_FORCE
    private static final int INVALID_SCROLL_RANGE
com.google.android.gms.common.server.response.FastJsonResponse$FieldConverter